# JRE version: Java(TM) SE Runtime Environment (7.0_45-b18) (build 1.7.0_45-b18)
# Java VM: Java HotSpot(TM) Client VM (24.45-b08 mixed mode windows-x86 )
Heap
 def new generation   total 21888K, used 21888K [0x04680000, 0x05e40000, 0x19bd0000)
  eden space 19456K, 100% used [0x04680000, 0x05980000, 0x05980000)
  from space 2432K, 100% used [0x05980000, 0x05be0000, 0x05be0000)
  to   space 2432K,  34% used [0x05be0000, 0x05caf848, 0x05e40000)
 tenured generation   total 48464K, used 32539K [0x19bd0000, 0x1cb24000, 0x44680000)
   the space 48464K,  67% used [0x19bd0000, 0x1bb96ef8, 0x1bb97000, 0x1cb24000)
 compacting perm gen  total 33792K, used 33668K [0x44680000, 0x46780000, 0x48680000)
   the space 33792K,  99% used [0x44680000, 0x467612d0, 0x46761400, 0x46780000)
GC Heap History (10 events):
Event: 54.513 GC heap after
Heap after GC invocations=111 (full 6):
 def new generation   total 21888K, used 0K [0x04680000, 0x05e40000, 0x19bd0000)
  eden space 19456K,   0% used [0x04680000, 0x04680000, 0x05980000)
  from space 2432K,   0% used [0x05980000, 0x05980000, 0x05be0000)
  to   space 2432K,   0% used [0x05be0000, 0x05be0000, 0x05e40000)
 tenured generation   total 48464K, used 27759K [0x19bd0000, 0x1cb24000, 0x44680000)
   the space 48464K,  57% used [0x19bd0000, 0x1b6ebf98, 0x1b6ec000, 0x1cb24000)
 compacting perm gen  total 33536K, used 33503K [0x44680000, 0x46740000, 0x48680000)
   the space 33536K,  99% used [0x44680000, 0x46737d50, 0x46737e00, 0x46740000)
No shared spaces configured.
}
Event: 188.863 GC heap before
{Heap before GC invocations=111 (full 6):
 def new generation   total 21888K, used 19456K [0x04680000, 0x05e40000, 0x19bd0000)
  eden space 19456K, 100% used [0x04680000, 0x05980000, 0x05980000)
  from space 2432K,   0% used [0x05980000, 0x05980000, 0x05be0000)
  to   space 2432K,   0% used [0x05be0000, 0x05be0000, 0x05e40000)
 tenured generation   total 48464K, used 27759K [0x19bd0000, 0x1cb24000, 0x44680000)
   the space 48464K,  57% used [0x19bd0000, 0x1b6ebf98, 0x1b6ec000, 0x1cb24000)
 compacting perm gen  total 33792K, used 33588K [0x44680000, 0x46780000, 0x48680000)
   the space 33792K,  99% used [0x44680000, 0x4674d2c0, 0x4674d400, 0x46780000)
No shared spaces configured.
Event: 188.870 GC heap after
Heap after GC invocations=112 (full 6):
 def new generation   total 21888K, used 2093K [0x04680000, 0x05e40000, 0x19bd0000)
  eden space 19456K,   0% used [0x04680000, 0x04680000, 0x05980000)
  from space 2432K,  86% used [0x05be0000, 0x05deb550, 0x05e40000)
  to   space 2432K,   0% used [0x05980000, 0x05980000, 0x05be0000)
 tenured generation   total 48464K, used 27759K [0x19bd0000, 0x1cb24000, 0x44680000)
   the space 48464K,  57% used [0x19bd0000, 0x1b6ebf98, 0x1b6ec000, 0x1cb24000)
 compacting perm gen  total 33792K, used 33588K [0x44680000, 0x46780000, 0x48680000)
   the space 33792K,  99% used [0x44680000, 0x4674d2c0, 0x4674d400, 0x46780000)
No shared spaces configured.
}
Event: 188.982 GC heap before
{Heap before GC invocations=112 (full 6):
 def new generation   total 21888K, used 21549K [0x04680000, 0x05e40000, 0x19bd0000)
  eden space 19456K, 100% used [0x04680000, 0x05980000, 0x05980000)
  from space 2432K,  86% used [0x05be0000, 0x05deb550, 0x05e40000)
  to   space 2432K,   0% used [0x05980000, 0x05980000, 0x05be0000)
 tenured generation   total 48464K, used 27759K [0x19bd0000, 0x1cb24000, 0x44680000)
   the space 48464K,  57% used [0x19bd0000, 0x1b6ebf98, 0x1b6ec000, 0x1cb24000)
 compacting perm gen  total 33792K, used 33588K [0x44680000, 0x46780000, 0x48680000)
   the space 33792K,  99% used [0x44680000, 0x4674d300, 0x4674d400, 0x46780000)
No shared spaces configured.
Event: 188.989 GC heap after
Heap after GC invocations=113 (full 6):
 def new generation   total 21888K, used 578K [0x04680000, 0x05e40000, 0x19bd0000)
  eden space 19456K,   0% used [0x04680000, 0x04680000, 0x05980000)
  from space 2432K,  23% used [0x05980000, 0x05a10b10, 0x05be0000)
  to   space 2432K,   0% used [0x05be0000, 0x05be0000, 0x05e40000)
 tenured generation   total 48464K, used 29624K [0x19bd0000, 0x1cb24000, 0x44680000)
   the space 48464K,  61% used [0x19bd0000, 0x1b8be368, 0x1b8be400, 0x1cb24000)
 compacting perm gen  total 33792K, used 33588K [0x44680000, 0x46780000, 0x48680000)
   the space 33792K,  99% used [0x44680000, 0x4674d300, 0x4674d400, 0x46780000)
No shared spaces configured.
}
Event: 189.138 GC heap before
{Heap before GC invocations=113 (full 6):
 def new generation   total 21888K, used 20034K [0x04680000, 0x05e40000, 0x19bd0000)
  eden space 19456K, 100% used [0x04680000, 0x05980000, 0x05980000)
  from space 2432K,  23% used [0x05980000, 0x05a10b10, 0x05be0000)
  to   space 2432K,   0% used [0x05be0000, 0x05be0000, 0x05e40000)
 tenured generation   total 48464K, used 29624K [0x19bd0000, 0x1cb24000, 0x44680000)
   the space 48464K,  61% used [0x19bd0000, 0x1b8be368, 0x1b8be400, 0x1cb24000)
 compacting perm gen  total 33792K, used 33592K [0x44680000, 0x46780000, 0x48680000)
   the space 33792K,  99% used [0x44680000, 0x4674e360, 0x4674e400, 0x46780000)
No shared spaces configured.
Event: 189.145 GC heap after
Heap after GC invocations=114 (full 6):
 def new generation   total 21888K, used 1978K [0x04680000, 0x05e40000, 0x19bd0000)
  eden space 19456K,   0% used [0x04680000, 0x04680000, 0x05980000)
  from space 2432K,  81% used [0x05be0000, 0x05dce820, 0x05e40000)
  to   space 2432K,   0% used [0x05980000, 0x05980000, 0x05be0000)
 tenured generation   total 48464K, used 29624K [0x19bd0000, 0x1cb24000, 0x44680000)
   the space 48464K,  61% used [0x19bd0000, 0x1b8be368, 0x1b8be400, 0x1cb24000)
 compacting perm gen  total 33792K, used 33592K [0x44680000, 0x46780000, 0x48680000)
   the space 33792K,  99% used [0x44680000, 0x4674e360, 0x4674e400, 0x46780000)
No shared spaces configured.
}
Event: 189.277 GC heap before
{Heap before GC invocations=114 (full 6):
 def new generation   total 21888K, used 21434K [0x04680000, 0x05e40000, 0x19bd0000)
  eden space 19456K, 100% used [0x04680000, 0x05980000, 0x05980000)
  from space 2432K,  81% used [0x05be0000, 0x05dce820, 0x05e40000)
  to   space 2432K,   0% used [0x05980000, 0x05980000, 0x05be0000)
 tenured generation   total 48464K, used 29624K [0x19bd0000, 0x1cb24000, 0x44680000)
   the space 48464K,  61% used [0x19bd0000, 0x1b8be368, 0x1b8be400, 0x1cb24000)
 compacting perm gen  total 33792K, used 33626K [0x44680000, 0x46780000, 0x48680000)
   the space 33792K,  99% used [0x44680000, 0x467568f0, 0x46756a00, 0x46780000)
No shared spaces configured.
Event: 189.290 GC heap after
Heap after GC invocations=115 (full 6):
 def new generation   total 21888K, used 2432K [0x04680000, 0x05e40000, 0x19bd0000)
  eden space 19456K,   0% used [0x04680000, 0x04680000, 0x05980000)
  from space 2432K, 100% used [0x05980000, 0x05be0000, 0x05be0000)
  to   space 2432K,   0% used [0x05be0000, 0x05be0000, 0x05e40000)
 tenured generation   total 48464K, used 32347K [0x19bd0000, 0x1cb24000, 0x44680000)
   the space 48464K,  66% used [0x19bd0000, 0x1bb66c00, 0x1bb66c00, 0x1cb24000)
 compacting perm gen  total 33792K, used 33626K [0x44680000, 0x46780000, 0x48680000)
   the space 33792K,  99% used [0x44680000, 0x467568f0, 0x46756a00, 0x46780000)
No shared spaces configured.
}
Event: 189.464 GC heap before
{Heap before GC invocations=115 (full 6):
 def new generation   total 21888K, used 21888K [0x04680000, 0x05e40000, 0x19bd0000)
  eden space 19456K, 100% used [0x04680000, 0x05980000, 0x05980000)
  from space 2432K, 100% used [0x05980000, 0x05be0000, 0x05be0000)
  to   space 2432K,   0% used [0x05be0000, 0x05be0000, 0x05e40000)
 tenured generation   total 48464K, used 32347K [0x19bd0000, 0x1cb24000, 0x44680000)
   the space 48464K,  66% used [0x19bd0000, 0x1bb66c00, 0x1bb66c00, 0x1cb24000)
 compacting perm gen  total 33792K, used 33668K [0x44680000, 0x46780000, 0x48680000)
   the space 33792K,  99% used [0x44680000, 0x467612d0, 0x46761400, 0x46780000)
No shared spaces configured.

