# JRE version: Java(TM) SE Runtime Environment (7.0_45-b18) (build 1.7.0_45-b18)
# Java VM: Java HotSpot(TM) Client VM (24.45-b08 mixed mode windows-x86 )
Heap
 def new generation   total 21696K, used 2368K [0x04810000, 0x05f90000, 0x19d60000)
  eden space 19328K,   0% used [0x04810000, 0x04810000, 0x05af0000)
  from space 2368K, 100% used [0x05af0000, 0x05d40000, 0x05d40000)
  to   space 2368K,   0% used [0x05d40000, 0x05d40000, 0x05f90000)
 tenured generation   total 53764K, used 53659K [0x19d60000, 0x1d1e1000, 0x44810000)
   the space 53764K,  99% used [0x19d60000, 0x1d1c6ee0, 0x1d1c7000, 0x1d1e1000)
 compacting perm gen  total 30208K, used 29977K [0x44810000, 0x46590000, 0x48810000)
   the space 30208K,  99% used [0x44810000, 0x465566c0, 0x46556800, 0x46590000)
GC Heap History (10 events):
Event: 44.566 GC heap after
Heap after GC invocations=111 (full 5):
 def new generation   total 21696K, used 1947K [0x04810000, 0x05f90000, 0x19d60000)
  eden space 19328K,   0% used [0x04810000, 0x04810000, 0x05af0000)
  from space 2368K,  82% used [0x05d40000, 0x05f26e38, 0x05f90000)
  to   space 2368K,   0% used [0x05af0000, 0x05af0000, 0x05d40000)
 tenured generation   total 48004K, used 46437K [0x19d60000, 0x1cc41000, 0x44810000)
   the space 48004K,  96% used [0x19d60000, 0x1cab9630, 0x1cab9800, 0x1cc41000)
 compacting perm gen  total 29440K, used 29366K [0x44810000, 0x464d0000, 0x48810000)
   the space 29440K,  99% used [0x44810000, 0x464bd8f8, 0x464bda00, 0x464d0000)
No shared spaces configured.
}
Event: 55.201 GC heap before
{Heap before GC invocations=111 (full 5):
 def new generation   total 21696K, used 20615K [0x04810000, 0x05f90000, 0x19d60000)
  eden space 19328K,  96% used [0x04810000, 0x05a4b0b8, 0x05af0000)
  from space 2368K,  82% used [0x05d40000, 0x05f26e38, 0x05f90000)
  to   space 2368K,   0% used [0x05af0000, 0x05af0000, 0x05d40000)
 tenured generation   total 48004K, used 46437K [0x19d60000, 0x1cc41000, 0x44810000)
   the space 48004K,  96% used [0x19d60000, 0x1cab9630, 0x1cab9800, 0x1cc41000)
 compacting perm gen  total 29440K, used 29391K [0x44810000, 0x464d0000, 0x48810000)
   the space 29440K,  99% used [0x44810000, 0x464c3d88, 0x464c3e00, 0x464d0000)
No shared spaces configured.
Event: 55.207 GC heap after
Heap after GC invocations=112 (full 5):
 def new generation   total 21696K, used 1400K [0x04810000, 0x05f90000, 0x19d60000)
  eden space 19328K,   0% used [0x04810000, 0x04810000, 0x05af0000)
  from space 2368K,  59% used [0x05af0000, 0x05c4e290, 0x05d40000)
  to   space 2368K,   0% used [0x05d40000, 0x05d40000, 0x05f90000)
 tenured generation   total 48004K, used 47557K [0x19d60000, 0x1cc41000, 0x44810000)
   the space 48004K,  99% used [0x19d60000, 0x1cbd1740, 0x1cbd1800, 0x1cc41000)
 compacting perm gen  total 29440K, used 29391K [0x44810000, 0x464d0000, 0x48810000)
   the space 29440K,  99% used [0x44810000, 0x464c3d88, 0x464c3e00, 0x464d0000)
No shared spaces configured.
}
Event: 55.296 GC heap before
{Heap before GC invocations=112 (full 5):
 def new generation   total 21696K, used 20728K [0x04810000, 0x05f90000, 0x19d60000)
  eden space 19328K, 100% used [0x04810000, 0x05af0000, 0x05af0000)
  from space 2368K,  59% used [0x05af0000, 0x05c4e290, 0x05d40000)
  to   space 2368K,   0% used [0x05d40000, 0x05d40000, 0x05f90000)
 tenured generation   total 48004K, used 47557K [0x19d60000, 0x1cc41000, 0x44810000)
   the space 48004K,  99% used [0x19d60000, 0x1cbd1740, 0x1cbd1800, 0x1cc41000)
 compacting perm gen  total 29440K, used 29391K [0x44810000, 0x464d0000, 0x48810000)
   the space 29440K,  99% used [0x44810000, 0x464c3df8, 0x464c3e00, 0x464d0000)
No shared spaces configured.
Event: 55.300 GC heap after
Heap after GC invocations=113 (full 5):
 def new generation   total 21696K, used 424K [0x04810000, 0x05f90000, 0x19d60000)
  eden space 19328K,   0% used [0x04810000, 0x04810000, 0x05af0000)
  from space 2368K,  17% used [0x05d40000, 0x05daa158, 0x05f90000)
  to   space 2368K,   0% used [0x05af0000, 0x05af0000, 0x05d40000)
 tenured generation   total 48004K, used 47872K [0x19d60000, 0x1cc41000, 0x44810000)
   the space 48004K,  99% used [0x19d60000, 0x1cc20290, 0x1cc20400, 0x1cc41000)
 compacting perm gen  total 29440K, used 29391K [0x44810000, 0x464d0000, 0x48810000)
   the space 29440K,  99% used [0x44810000, 0x464c3df8, 0x464c3e00, 0x464d0000)
No shared spaces configured.
}
Event: 55.573 GC heap before
{Heap before GC invocations=113 (full 5):
 def new generation   total 21696K, used 19752K [0x04810000, 0x05f90000, 0x19d60000)
  eden space 19328K, 100% used [0x04810000, 0x05af0000, 0x05af0000)
  from space 2368K,  17% used [0x05d40000, 0x05daa158, 0x05f90000)
  to   space 2368K,   0% used [0x05af0000, 0x05af0000, 0x05d40000)
 tenured generation   total 48004K, used 47872K [0x19d60000, 0x1cc41000, 0x44810000)
   the space 48004K,  99% used [0x19d60000, 0x1cc20290, 0x1cc20400, 0x1cc41000)
 compacting perm gen  total 29696K, used 29672K [0x44810000, 0x46510000, 0x48810000)
   the space 29696K,  99% used [0x44810000, 0x4650a138, 0x4650a200, 0x46510000)
No shared spaces configured.
Event: 55.576 GC heap after
Heap after GC invocations=114 (full 5):
 def new generation   total 21696K, used 850K [0x04810000, 0x05f90000, 0x19d60000)
  eden space 19328K,   0% used [0x04810000, 0x04810000, 0x05af0000)
  from space 2368K,  35% used [0x05af0000, 0x05bc4a70, 0x05d40000)
  to   space 2368K,   0% used [0x05d40000, 0x05d40000, 0x05f90000)
 tenured generation   total 48004K, used 47872K [0x19d60000, 0x1cc41000, 0x44810000)
   the space 48004K,  99% used [0x19d60000, 0x1cc20290, 0x1cc20400, 0x1cc41000)
 compacting perm gen  total 29696K, used 29672K [0x44810000, 0x46510000, 0x48810000)
   the space 29696K,  99% used [0x44810000, 0x4650a138, 0x4650a200, 0x46510000)
No shared spaces configured.
}
Event: 57.391 GC heap before
{Heap before GC invocations=114 (full 5):
 def new generation   total 21696K, used 20178K [0x04810000, 0x05f90000, 0x19d60000)
  eden space 19328K, 100% used [0x04810000, 0x05af0000, 0x05af0000)
  from space 2368K,  35% used [0x05af0000, 0x05bc4a70, 0x05d40000)
  to   space 2368K,   0% used [0x05d40000, 0x05d40000, 0x05f90000)
 tenured generation   total 48004K, used 47872K [0x19d60000, 0x1cc41000, 0x44810000)
   the space 48004K,  99% used [0x19d60000, 0x1cc20290, 0x1cc20400, 0x1cc41000)
 compacting perm gen  total 30208K, used 29976K [0x44810000, 0x46590000, 0x48810000)
   the space 30208K,  99% used [0x44810000, 0x46556390, 0x46556400, 0x46590000)
No shared spaces configured.
Event: 57.395 GC heap after
Heap after GC invocations=115 (full 5):
 def new generation   total 21696K, used 1197K [0x04810000, 0x05f90000, 0x19d60000)
  eden space 19328K,   0% used [0x04810000, 0x04810000, 0x05af0000)
  from space 2368K,  50% used [0x05d40000, 0x05e6b580, 0x05f90000)
  to   space 2368K,   0% used [0x05af0000, 0x05af0000, 0x05d40000)
 tenured generation   total 48004K, used 47872K [0x19d60000, 0x1cc41000, 0x44810000)
   the space 48004K,  99% used [0x19d60000, 0x1cc20290, 0x1cc20400, 0x1cc41000)
 compacting perm gen  total 30208K, used 29976K [0x44810000, 0x46590000, 0x48810000)
   the space 30208K,  99% used [0x44810000, 0x46556390, 0x46556400, 0x46590000)
No shared spaces configured.
}
Event: 57.983 GC heap before
{Heap before GC invocations=115 (full 5):
 def new generation   total 21696K, used 20525K [0x04810000, 0x05f90000, 0x19d60000)
  eden space 19328K, 100% used [0x04810000, 0x05af0000, 0x05af0000)
  from space 2368K,  50% used [0x05d40000, 0x05e6b580, 0x05f90000)
  to   space 2368K,   0% used [0x05af0000, 0x05af0000, 0x05d40000)
 tenured generation   total 48004K, used 47872K [0x19d60000, 0x1cc41000, 0x44810000)
   the space 48004K,  99% used [0x19d60000, 0x1cc20290, 0x1cc20400, 0x1cc41000)
 compacting perm gen  total 30208K, used 29977K [0x44810000, 0x46590000, 0x48810000)
   the space 30208K,  99% used [0x44810000, 0x465566c0, 0x46556800, 0x46590000)
No shared spaces configured.

